Сборка начата 16.12.2024 1:13:29.
Уровень детализации журнала: Normal.     1>Проект "C:\Users\Hasee\Desktop\кп\SAA-2024-master\SAA-2024-master\SAA-2024LIB\SAA-2024LIB.vcxproj" в узле 2 (целевые объекты Build).
     1>PrepareForBuild:
         Создание каталога "x64\Debug\SAA-2024LIB.tlog\".
       InitializeBuildStatus:
         Создание "x64\Debug\SAA-2024LIB.tlog\unsuccessfulbuild", так как было задано "AlwaysCreate".
         Обращение к "x64\Debug\SAA-2024LIB.tlog\unsuccessfulbuild".
       ClCompile:
         C:\Program Files\Microsoft Visual Studio\2022\Community\VC\Tools\MSVC\14.37.32822\bin\HostX64\x64\CL.exe /c /ZI /JMC /nologo /W3 /WX- /diagnostics:column /sdl /Od /D _DEBUG /D _LIB /D _UNICODE /D UNICODE /Gm- /EHsc /RTC1 /MDd /GS /fp:precise /Zc:wchar_t /Zc:forScope /Zc:inline /permissive- /Yc"pch.h" /Fp"x64\Debug\SAA-2024LIB.pch" /Fo"x64\Debug\\" /Fd"C:\Users\Hasee\Desktop\кп\SAA-2024-master\SAA-2024-master\SAA-2024\x64\Debug\SAA-2024LIB.pdb" /external:W3 /Gd /TP /FC /errorReport:prompt pch.cpp
         pch.cpp
         C:\Program Files\Microsoft Visual Studio\2022\Community\VC\Tools\MSVC\14.37.32822\bin\HostX64\x64\CL.exe /c /ZI /JMC /nologo /W3 /WX- /diagnostics:column /sdl /Od /D _DEBUG /D _LIB /D _UNICODE /D UNICODE /Gm- /EHsc /RTC1 /MDd /GS /fp:precise /Zc:wchar_t /Zc:forScope /Zc:inline /permissive- /Yu"pch.h" /Fp"x64\Debug\SAA-2024LIB.pch" /Fo"x64\Debug\\" /Fd"C:\Users\Hasee\Desktop\кп\SAA-2024-master\SAA-2024-master\SAA-2024\x64\Debug\SAA-2024LIB.pdb" /external:W3 /Gd /TP /FC /errorReport:prompt "SAA-2024LIB.cpp"
         SAA-2024LIB.cpp
       Lib:
         C:\Program Files\Microsoft Visual Studio\2022\Community\VC\Tools\MSVC\14.37.32822\bin\HostX64\x64\Lib.exe /OUT:"C:\Users\Hasee\Desktop\кп\SAA-2024-master\SAA-2024-master\SAA-2024\x64\Debug\SAA-2024LIB.lib" /NOLOGO /MACHINE:X64 x64\Debug\pch.obj
         "x64\Debug\SAA-2024LIB.obj"
         SAA-2024LIB.vcxproj -> C:\Users\Hasee\Desktop\кп\SAA-2024-master\SAA-2024-master\SAA-2024\x64\Debug\SAA-2024LIB.lib
       FinalizeBuildStatus:
         Файл "x64\Debug\SAA-2024LIB.tlog\unsuccessfulbuild" удаляется.
         Обращение к "x64\Debug\SAA-2024LIB.tlog\SAA-2024LIB.lastbuildstate".
     1>Сборка проекта "C:\Users\Hasee\Desktop\кп\SAA-2024-master\SAA-2024-master\SAA-2024LIB\SAA-2024LIB.vcxproj" завершена (целевые объекты Build).

Сборка успешно завершена.
    Предупреждений: 0
    Ошибок: 0

Прошло времени 00:00:01.50
