Сборка начата 18.12.2024 10:41:09.
Уровень детализации журнала: Normal.     1>Проект "C:\Users\Hasee\Desktop\кп\SAA-2024\SAA-2024-master\SAA-2024-master\SAA-2024\SAA-2024.vcxproj" в узле 2 (целевые объекты Build).
     1>InitializeBuildStatus:
         Создание "Debug\SAA-2024.tlog\unsuccessfulbuild", так как было задано "AlwaysCreate".
         Обращение к "Debug\SAA-2024.tlog\unsuccessfulbuild".
       ClCompile:
         C:\Program Files\Microsoft Visual Studio\2022\Community\VC\Tools\MSVC\14.37.32822\bin\HostX86\x86\CL.exe /c /ZI /JMC /nologo /W3 /WX- /diagnostics:column /sdl /Od /Oy- /D WIN32 /D _DEBUG /D _CONSOLE /D _UNICODE /D UNICODE /Gm- /EHsc /RTC1 /MDd /GS /fp:precise /Zc:wchar_t /Zc:forScope /Zc:inline /permissive- /Fo"Debug\\" /Fd"Debug\vc143.pdb" /external:W3 /Gd /TP /analyze- /FC /errorReport:prompt CodeGeneration.cpp FST.cpp IT.cpp In.cpp Log.cpp MFST.cpp PolishNotation.cpp "SAA-2024.cpp" Semantic.cpp
         CodeGeneration.cpp
     1>C:\Users\Hasee\Desktop\кп\SAA-2024\SAA-2024-master\SAA-2024-master\SAA-2024\CodeGeneration.cpp(21,16): warning C4101: func: неиспользованная локальная переменная
     1>C:\Users\Hasee\Desktop\кп\SAA-2024\SAA-2024-master\SAA-2024-master\SAA-2024\CodeGeneration.cpp(620,14): warning C4129: e: неизвестная escape-последовательность
         FST.cpp
     1>C:\Users\Hasee\Desktop\кп\SAA-2024\SAA-2024-master\SAA-2024-master\SAA-2024\FST.cpp(118,16): warning C4267: инициализация: преобразование из "size_t" в "short"; возможна потеря данных
     1>C:\Users\Hasee\Desktop\кп\SAA-2024\SAA-2024-master\SAA-2024-master\SAA-2024\FST.cpp(1359,26): warning C4018: <: несоответствие типов со знаком и без знака
         IT.cpp
     1>C:\Users\Hasee\Desktop\кп\SAA-2024\SAA-2024-master\SAA-2024-master\SAA-2024\IT.cpp(53,22): warning C4018: <: несоответствие типов со знаком и без знака
     1>C:\Users\Hasee\Desktop\кп\SAA-2024\SAA-2024-master\SAA-2024-master\SAA-2024\IT.cpp(160,22): warning C4018: <: несоответствие типов со знаком и без знака
         In.cpp
     1>C:\Users\Hasee\Desktop\кп\SAA-2024\SAA-2024-master\SAA-2024-master\SAA-2024\In.cpp(22,13): warning C4244: инициализация: преобразование "std::streamoff" в "int", возможна потеря данных
         Log.cpp
         MFST.cpp
         PolishNotation.cpp
         SAA-2024.cpp
         Semantic.cpp
         Создание кода...
       Link:
         C:\Program Files\Microsoft Visual Studio\2022\Community\VC\Tools\MSVC\14.37.32822\bin\HostX86\x86\link.exe /ERRORREPORT:PROMPT /OUT:"C:\Users\Hasee\Desktop\кп\SAA-2024\SAA-2024-master\SAA-2024-master\SAA-2024\Debug\SAA-2024.exe" /INCREMENTAL /ILK:"Debug\SAA-2024.ilk" /NOLOGO kernel32.lib user32.lib gdi32.lib winspool.lib comdlg32.lib advapi32.lib shell32.lib ole32.lib oleaut32.lib uuid.lib odbc32.lib odbccp32.lib /MANIFEST /MANIFESTUAC:"level='asInvoker' uiAccess='false'" /manifest:embed /DEBUG /PDB:"C:\Users\Hasee\Desktop\кп\SAA-2024\SAA-2024-master\SAA-2024-master\SAA-2024\Debug\SAA-2024.pdb" /SUBSYSTEM:CONSOLE /TLBID:1 /DYNAMICBASE /NXCOMPAT /IMPLIB:"C:\Users\Hasee\Desktop\кп\SAA-2024\SAA-2024-master\SAA-2024-master\SAA-2024\Debug\SAA-2024.lib" /MACHINE:X86 Debug\CodeGeneration.obj
         Debug\Error.obj
         Debug\FST.obj
         Debug\GRB.obj
         Debug\In.obj
         Debug\IT.obj
         Debug\Log.obj
         Debug\LT.obj
         Debug\MFST.obj
         Debug\Out.obj
         Debug\Parm.obj
         Debug\PolishNotation.obj
         "Debug\SAA-2024.obj"
         Debug\Semantic.obj
         SAA-2024.vcxproj -> C:\Users\Hasee\Desktop\кп\SAA-2024\SAA-2024-master\SAA-2024-master\SAA-2024\Debug\SAA-2024.exe
       FinalizeBuildStatus:
         Файл "Debug\SAA-2024.tlog\unsuccessfulbuild" удаляется.
         Обращение к "Debug\SAA-2024.tlog\SAA-2024.lastbuildstate".
     1>Сборка проекта "C:\Users\Hasee\Desktop\кп\SAA-2024\SAA-2024-master\SAA-2024-master\SAA-2024\SAA-2024.vcxproj" завершена (целевые объекты Build).

Сборка успешно завершена.

       "C:\Users\Hasee\Desktop\кп\SAA-2024\SAA-2024-master\SAA-2024-master\SAA-2024\SAA-2024.vcxproj" (целевой объект Build ) (1) ->
       (Целевой объект ClCompile) -> 
         C:\Users\Hasee\Desktop\кп\SAA-2024\SAA-2024-master\SAA-2024-master\SAA-2024\CodeGeneration.cpp(21,16): warning C4101: func: неиспользованная локальная переменная
         C:\Users\Hasee\Desktop\кп\SAA-2024\SAA-2024-master\SAA-2024-master\SAA-2024\CodeGeneration.cpp(620,14): warning C4129: e: неизвестная escape-последовательность
         C:\Users\Hasee\Desktop\кп\SAA-2024\SAA-2024-master\SAA-2024-master\SAA-2024\FST.cpp(118,16): warning C4267: инициализация: преобразование из "size_t" в "short"; возможна потеря данных
         C:\Users\Hasee\Desktop\кп\SAA-2024\SAA-2024-master\SAA-2024-master\SAA-2024\FST.cpp(1359,26): warning C4018: <: несоответствие типов со знаком и без знака
         C:\Users\Hasee\Desktop\кп\SAA-2024\SAA-2024-master\SAA-2024-master\SAA-2024\IT.cpp(53,22): warning C4018: <: несоответствие типов со знаком и без знака
         C:\Users\Hasee\Desktop\кп\SAA-2024\SAA-2024-master\SAA-2024-master\SAA-2024\IT.cpp(160,22): warning C4018: <: несоответствие типов со знаком и без знака
         C:\Users\Hasee\Desktop\кп\SAA-2024\SAA-2024-master\SAA-2024-master\SAA-2024\In.cpp(22,13): warning C4244: инициализация: преобразование "std::streamoff" в "int", возможна потеря данных

    Предупреждений: 7
    Ошибок: 0

Прошло времени 00:00:10.54
